2023-08-01 13:38:10,835 INFO     
--------------------------------------------------------------------------------------------------------------------------------------------

2023-08-01 13:38:10,836 INFO     STOP, READ CAREFULLY!
2023-08-01 13:38:10,836 INFO     Auto-generated file by "OT-Optimizer", DO NOT EDIT
2023-08-01 13:38:10,836 INFO     This file is for developers only, please do not change, modify or delete this file!
2023-08-01 13:38:10,837 INFO     Send this file when prompted.
2023-08-01 13:38:10,837 INFO     More information can be found by joining our discord server: www.discord.gg/Vsm9dMA6TB
2023-08-01 13:38:10,837 DEBUG    Program with version 2.6 has been started.
2023-08-01 13:38:11,384 DEBUG    Defining functions...
2023-08-01 13:38:11,385 DEBUG    Operating system is nt.
2023-08-01 13:38:11,477 DEBUG    Operating system is 10, supported.
2023-08-01 13:38:11,612 INFO     isUserAdmin - CheckTokenMembership returned: True
2023-08-01 13:38:11,613 INFO     UAC access: TRUE
2023-08-01 13:38:11,616 DEBUG    Joining OTO path...
2023-08-01 13:38:11,616 DEBUG    Doing disclaimer stuff...
2023-08-01 13:38:11,617 DEBUG    Accepted file exists, getting value...
2023-08-01 13:38:11,618 DEBUG    File value: True
2023-08-01 13:38:11,618 DEBUG    Disclaimer stuff done.
2023-08-01 13:38:11,618 DEBUG    Doing data sharing agreement stuff...
2023-08-01 13:38:11,619 DEBUG    Agreement file exists, getting value...
2023-08-01 13:38:11,631 DEBUG    File value: False
2023-08-01 13:38:11,631 DEBUG    Agreement stuff done.
2023-08-01 13:38:11,652 DEBUG    Checking for updates...
2023-08-01 13:38:11,660 DEBUG    Thread started.
2023-08-01 13:38:12,674 DEBUG    Getting response...
2023-08-01 13:38:12,680 DEBUG    Starting new HTTPS connection (1): raw.githubusercontent.com:443
2023-08-01 13:38:13,012 DEBUG    https://raw.githubusercontent.com:443 "GET /temal32/oto/main/version.txt HTTP/1.1" 200 24
2023-08-01 13:38:13,018 DEBUG    Got response!
2023-08-01 13:38:13,018 DEBUG    float data = 2.6 : float version = 2.6
2023-08-01 13:38:13,019 DEBUG    Already using newest version!
2023-08-01 13:38:16,074 DEBUG    Getting download...
2023-08-01 13:38:16,075 DEBUG    Downloading https://cdn.discordapp.com/attachments/985667930962403360/988883043206975558/dns_er.bat...
2023-08-01 13:38:16,079 DEBUG    Starting new HTTPS connection (1): cdn.discordapp.com:443
2023-08-01 13:38:16,445 DEBUG    https://cdn.discordapp.com:443 "GET /attachments/985667930962403360/988883043206975558/dns_er.bat HTTP/1.1" 200 314
2023-08-01 13:38:16,456 DEBUG    Downloaded https://cdn.discordapp.com/attachments/985667930962403360/988883043206975558/dns_er.bat to C:\Users\hajku\AppData\Local\Temp
2023-08-01 13:38:16,457 DEBUG    Downloading https://cdn.discordapp.com/attachments/985667930962403360/1002627444676763668/oto_tcp.bat...
2023-08-01 13:38:16,465 DEBUG    Starting new HTTPS connection (1): cdn.discordapp.com:443
2023-08-01 13:38:16,707 DEBUG    https://cdn.discordapp.com:443 "GET /attachments/985667930962403360/1002627444676763668/oto_tcp.bat HTTP/1.1" 200 4333
2023-08-01 13:38:16,715 DEBUG    Downloaded https://cdn.discordapp.com/attachments/985667930962403360/1002627444676763668/oto_tcp.bat to C:\Users\hajku\AppData\Local\Temp
2023-08-01 13:38:16,716 DEBUG    Downloading https://cdn.discordapp.com/attachments/985667930962403360/997937119165161634/Turn_on_Game_Mode.reg...
2023-08-01 13:38:16,720 DEBUG    Starting new HTTPS connection (1): cdn.discordapp.com:443
2023-08-01 13:38:17,493 DEBUG    https://cdn.discordapp.com:443 "GET /attachments/985667930962403360/997937119165161634/Turn_on_Game_Mode.reg HTTP/1.1" 200 712
2023-08-01 13:38:17,503 DEBUG    Downloaded https://cdn.discordapp.com/attachments/985667930962403360/997937119165161634/Turn_on_Game_Mode.reg to C:\Users\hajku\AppData\Local\Temp
2023-08-01 13:38:17,506 DEBUG    Downloading https://cdn.discordapp.com/attachments/985667930962403360/1000010946850324541/enable-AGPU_scheduling.reg...
2023-08-01 13:38:17,511 DEBUG    Starting new HTTPS connection (1): cdn.discordapp.com:443
2023-08-01 13:38:17,760 DEBUG    https://cdn.discordapp.com:443 "GET /attachments/985667930962403360/1000010946850324541/enable-AGPU_scheduling.reg HTTP/1.1" 200 632
2023-08-01 13:38:17,771 DEBUG    Downloaded https://cdn.discordapp.com/attachments/985667930962403360/1000010946850324541/enable-AGPU_scheduling.reg to C:\Users\hajku\AppData\Local\Temp
2023-08-01 13:38:17,772 DEBUG    Downloading https://github.com/Aetopia/NVIDIA-Driver-Downloader/releases/download/v1.3.4.3/nvddl.exe...
2023-08-01 13:38:17,778 DEBUG    Starting new HTTPS connection (1): github.com:443
2023-08-01 13:38:18,082 DEBUG    https://github.com:443 "GET /Aetopia/NVIDIA-Driver-Downloader/releases/download/v1.3.4.3/nvddl.exe HTTP/1.1" 302 0
2023-08-01 13:38:18,086 DEBUG    Starting new HTTPS connection (1): objects.githubusercontent.com:443
2023-08-01 13:38:18,462 DEBUG    https://objects.githubusercontent.com:443 "GET /github-production-release-asset-2e65be/468707593/4fd43778-58fd-4d32-8268-b08e06250d05?X-Amz-Algorithm=AWS4-HMAC-SHA256&X-Amz-Credential=AKIAIWNJYAX4CSVEH53A%2F20230801%2Fus-east-1%2Fs3%2Faws4_request&X-Amz-Date=20230801T113818Z&X-Amz-Expires=300&X-Amz-Signature=03e54ba677c64fca7bdd6a7ae730395ce9c4a5c00541274a36da3aaf7fd57720&X-Amz-SignedHeaders=host&actor_id=0&key_id=0&repo_id=468707593&response-content-disposition=attachment%3B%20filename%3Dnvddl.exe&response-content-type=application%2Foctet-stream HTTP/1.1" 200 10318552
2023-08-01 13:38:20,739 DEBUG    Downloaded https://github.com/Aetopia/NVIDIA-Driver-Downloader/releases/download/v1.3.4.3/nvddl.exe to C:\Users\hajku\AppData\Local\Temp
2023-08-01 13:38:20,740 DEBUG    Downloading https://cdn.discordapp.com/attachments/985667930962403360/1001107894185513010/dns_backup.bat...
2023-08-01 13:38:20,743 DEBUG    Starting new HTTPS connection (1): cdn.discordapp.com:443
2023-08-01 13:38:21,017 DEBUG    https://cdn.discordapp.com:443 "GET /attachments/985667930962403360/1001107894185513010/dns_backup.bat HTTP/1.1" 200 1238
2023-08-01 13:38:21,032 DEBUG    Downloaded https://cdn.discordapp.com/attachments/985667930962403360/1001107894185513010/dns_backup.bat to C:\Users\hajku\AppData\Local\Temp
2023-08-01 13:38:21,034 DEBUG    Downloading https://cdn.discordapp.com/attachments/985667930962403360/1003434468301869056/oto-tcp-default.bat...
2023-08-01 13:38:21,042 DEBUG    Starting new HTTPS connection (1): cdn.discordapp.com:443
2023-08-01 13:38:21,292 DEBUG    https://cdn.discordapp.com:443 "GET /attachments/985667930962403360/1003434468301869056/oto-tcp-default.bat HTTP/1.1" 200 3972
2023-08-01 13:38:21,304 DEBUG    Downloaded https://cdn.discordapp.com/attachments/985667930962403360/1003434468301869056/oto-tcp-default.bat to C:\Users\hajku\AppData\Local\Temp
2023-08-01 13:38:24,344 DEBUG    Defining speedtest function in speedtest class in a variable.
2023-08-01 13:38:24,529 DEBUG    Getting servers...
2023-08-01 13:38:24,532 DEBUG    Getting best server...
2023-08-01 13:38:25,890 DEBUG    Executing show_menu function...
2023-08-01 13:38:25,891 DEBUG    Asking for action...
2023-08-01 13:38:28,693 DEBUG    Got: 2
2023-08-01 13:38:28,694 DEBUG    User tried to compare old and new ping, but old_ping.txt file does not exist.
2023-08-01 13:38:30,909 DEBUG    Executing show_menu function...
2023-08-01 13:38:30,910 DEBUG    Asking for action...
2023-08-01 13:38:31,678 DEBUG    Got: 1
2023-08-01 13:38:31,678 DEBUG    Asking for backup...
2023-08-01 13:38:48,224 DEBUG    Executing get_ping function...
2023-08-01 13:38:48,224 DEBUG    Found best server: speedtest.kal.pl:8080 located in Poland
2023-08-01 13:38:48,225 DEBUG    Writing server host to textfile...
2023-08-01 13:38:48,226 DEBUG    Done with getting network info. Terminate function.
2023-08-01 13:38:50,240 DEBUG    Executing show_menu function (2)...
2023-08-01 13:38:50,282 DEBUG    Operating question 1, waiting for user input...
2023-08-01 13:38:50,283 DEBUG    Input gotten, answer is: 
2023-08-01 13:38:50,283 DEBUG    User input was , skipping...
2023-08-01 13:38:50,283 DEBUG    Operating question 2, waiting for user input...
2023-08-01 13:38:50,284 DEBUG    Input gotten, answer is: 
2023-08-01 13:38:50,285 DEBUG    User input was , skipping...
2023-08-01 13:38:50,285 DEBUG    Operating question 3, waiting for user input...
2023-08-01 13:38:50,286 DEBUG    Input gotten, answer is: 
2023-08-01 13:38:50,286 DEBUG    User input was , skipping...
2023-08-01 13:38:50,286 DEBUG    Operating question 4, waiting for user input...
2023-08-01 13:39:08,967 INFO     
--------------------------------------------------------------------------------------------------------------------------------------------

2023-08-01 13:39:08,968 INFO     STOP, READ CAREFULLY!
2023-08-01 13:39:08,968 INFO     Auto-generated file by "OT-Optimizer", DO NOT EDIT
2023-08-01 13:39:08,968 INFO     This file is for developers only, please do not change, modify or delete this file!
2023-08-01 13:39:08,968 INFO     Send this file when prompted.
2023-08-01 13:39:08,969 INFO     More information can be found by joining our discord server: www.discord.gg/Vsm9dMA6TB
2023-08-01 13:39:08,969 DEBUG    Program with version 2.6 has been started.
2023-08-01 13:39:09,110 DEBUG    Defining functions...
2023-08-01 13:39:09,111 DEBUG    Operating system is nt.
2023-08-01 13:39:09,133 DEBUG    Operating system is 10, supported.
2023-08-01 13:39:09,171 INFO     isUserAdmin - CheckTokenMembership returned: True
2023-08-01 13:39:09,171 INFO     UAC access: TRUE
2023-08-01 13:39:09,172 DEBUG    Joining OTO path...
2023-08-01 13:39:09,173 DEBUG    Doing disclaimer stuff...
2023-08-01 13:39:09,173 DEBUG    Accepted file exists, getting value...
2023-08-01 13:39:09,174 DEBUG    File value: True
2023-08-01 13:39:09,174 DEBUG    Disclaimer stuff done.
2023-08-01 13:39:09,174 DEBUG    Doing data sharing agreement stuff...
2023-08-01 13:39:09,175 DEBUG    Agreement file exists, getting value...
2023-08-01 13:39:09,175 DEBUG    File value: False
2023-08-01 13:39:09,175 DEBUG    Agreement stuff done.
2023-08-01 13:39:09,201 DEBUG    Checking for updates...
2023-08-01 13:39:09,202 DEBUG    Thread started.
2023-08-01 13:39:10,214 DEBUG    Getting response...
2023-08-01 13:39:10,219 DEBUG    Starting new HTTPS connection (1): raw.githubusercontent.com:443
2023-08-01 13:39:10,366 DEBUG    https://raw.githubusercontent.com:443 "GET /temal32/oto/main/version.txt HTTP/1.1" 200 24
2023-08-01 13:39:10,372 DEBUG    Got response!
2023-08-01 13:39:10,372 DEBUG    float data = 2.6 : float version = 2.6
2023-08-01 13:39:10,373 DEBUG    Already using newest version!
2023-08-01 13:39:13,427 DEBUG    Getting download...
2023-08-01 13:39:16,601 DEBUG    Defining speedtest function in speedtest class in a variable.
2023-08-01 13:39:16,694 DEBUG    Getting servers...
2023-08-01 13:39:16,695 DEBUG    Getting best server...
2023-08-01 13:39:17,833 DEBUG    Executing show_menu function...
2023-08-01 13:39:17,833 DEBUG    Asking for action...
2023-08-01 13:39:19,685 DEBUG    Got: 2
2023-08-01 13:39:19,685 DEBUG    old_ping.txt file exists, trying to compare old ping with new ping...
2023-08-01 13:39:23,091 DEBUG    Executing show_menu function...
2023-08-01 13:39:23,092 DEBUG    Asking for action...
2023-08-01 13:39:23,984 DEBUG    Got: 1
2023-08-01 13:39:23,985 DEBUG    Asking for backup...
2023-08-01 13:39:44,837 DEBUG    Creating restore point...
2023-08-01 13:39:47,840 DEBUG    Enabled ComputerRestore!
2023-08-01 13:39:48,309 DEBUG    Actually created a restore point.
2023-08-01 13:39:48,310 DEBUG    Backing up!
2023-08-01 13:39:48,310 DEBUG    Creating folder...
2023-08-01 13:39:48,336 DEBUG    Getting registry...
2023-08-01 13:40:17,099 DEBUG    Trying to backup mc settings...
2023-08-01 13:40:17,137 DEBUG    Done! (590)
2023-08-01 13:40:17,137 DEBUG    Backing up DNS...
2023-08-01 13:40:28,565 INFO     
--------------------------------------------------------------------------------------------------------------------------------------------

2023-08-01 13:40:28,566 INFO     STOP, READ CAREFULLY!
2023-08-01 13:40:28,566 INFO     Auto-generated file by "OT-Optimizer", DO NOT EDIT
2023-08-01 13:40:28,566 INFO     This file is for developers only, please do not change, modify or delete this file!
2023-08-01 13:40:28,566 INFO     Send this file when prompted.
2023-08-01 13:40:28,567 INFO     More information can be found by joining our discord server: www.discord.gg/Vsm9dMA6TB
2023-08-01 13:40:28,567 DEBUG    Program with version 2.6 has been started.
2023-08-01 13:40:28,705 DEBUG    Defining functions...
2023-08-01 13:40:28,706 DEBUG    Operating system is nt.
2023-08-01 13:40:28,727 DEBUG    Operating system is 10, supported.
2023-08-01 13:40:28,763 INFO     isUserAdmin - CheckTokenMembership returned: True
2023-08-01 13:40:28,764 INFO     UAC access: TRUE
2023-08-01 13:40:28,765 DEBUG    Joining OTO path...
2023-08-01 13:40:28,765 DEBUG    Doing disclaimer stuff...
2023-08-01 13:40:28,766 DEBUG    Accepted file exists, getting value...
2023-08-01 13:40:28,766 DEBUG    File value: True
2023-08-01 13:40:28,766 DEBUG    Disclaimer stuff done.
2023-08-01 13:40:28,767 DEBUG    Doing data sharing agreement stuff...
2023-08-01 13:40:28,767 DEBUG    Agreement file exists, getting value...
2023-08-01 13:40:28,767 DEBUG    File value: False
2023-08-01 13:40:28,768 DEBUG    Agreement stuff done.
2023-08-01 13:40:28,797 DEBUG    Checking for updates...
2023-08-01 13:40:28,798 DEBUG    Thread started.
2023-08-01 13:40:29,808 DEBUG    Getting response...
2023-08-01 13:40:29,814 DEBUG    Starting new HTTPS connection (1): raw.githubusercontent.com:443
2023-08-01 13:40:29,938 DEBUG    https://raw.githubusercontent.com:443 "GET /temal32/oto/main/version.txt HTTP/1.1" 200 24
2023-08-01 13:40:29,943 DEBUG    Got response!
2023-08-01 13:40:29,943 DEBUG    float data = 2.6 : float version = 2.6
2023-08-01 13:40:29,944 DEBUG    Already using newest version!
2023-08-01 13:40:33,017 DEBUG    Getting download...
2023-08-01 13:40:36,163 DEBUG    Defining speedtest function in speedtest class in a variable.
2023-08-01 13:40:36,252 DEBUG    Getting servers...
2023-08-01 13:40:36,255 DEBUG    Getting best server...
2023-08-01 13:40:37,539 DEBUG    Executing show_menu function...
2023-08-01 13:40:37,541 DEBUG    Asking for action...
2023-08-01 13:40:39,865 DEBUG    Got: 1
2023-08-01 13:40:39,865 DEBUG    Backup folder already exists, skipping prompt.
2023-08-01 13:40:39,865 DEBUG    Executing get_ping function...
2023-08-01 13:40:39,865 DEBUG    Found best server: speedtest.kal.pl:8080 located in Poland
2023-08-01 13:40:39,866 DEBUG    Writing server host to textfile...
2023-08-01 13:40:39,867 DEBUG    Done with getting network info. Terminate function.
2023-08-01 13:41:41,745 DEBUG    Executing show_menu function (2)...
2023-08-01 13:41:41,781 DEBUG    Operating question 1, waiting for user input...
2023-08-01 13:41:51,388 DEBUG    Input gotten, answer is: n
2023-08-01 13:41:51,389 DEBUG    User input was n, skipping...
2023-08-01 13:41:51,389 DEBUG    Operating question 2, waiting for user input...
2023-08-01 13:41:54,662 DEBUG    Input gotten, answer is: y
2023-08-01 13:41:59,030 DEBUG    Ran file!
2023-08-01 13:42:09,090 DEBUG    Operating question 3, waiting for user input...
2023-08-01 13:42:13,199 DEBUG    Input gotten, answer is: y
2023-08-01 13:42:13,200 DEBUG    Changing DNS...
2023-08-01 13:42:16,164 DEBUG    Operating question 4, waiting for user input...
2023-08-01 13:42:19,272 DEBUG    Input gotten, answer is: y
2023-08-01 13:42:19,273 DEBUG    Running reg command...
2023-08-01 13:42:19,382 DEBUG    Ran!
2023-08-01 13:42:19,400 DEBUG    Operating question 5, waiting for user input...
2023-08-01 13:42:21,276 DEBUG    Input gotten, answer is: y
2023-08-01 13:42:23,289 DEBUG    Calling oto_tcp.bat file...
2023-08-01 13:44:29,965 DEBUG    Called!
2023-08-01 13:44:32,996 DEBUG    Operating question 6, waiting for user input...
2023-08-01 13:44:32,997 DEBUG    Input gotten, answer is: y
2023-08-01 13:44:33,815 DEBUG    WMI RETURNS ETHERNET!!!
2023-08-01 13:45:14,415 DEBUG    User input: Ethernet : JMicron PCI Express Gigabit Ethernet Adapter
2023-08-01 13:45:28,060 DEBUG    Changed following network property: "*InterruptModeration" -RegistryValue 0}
2023-08-01 13:45:38,134 DEBUG    Changed following network property: "*IPChecksumOffloadIPv4" -RegistryValue 3}
2023-08-01 13:45:48,114 DEBUG    Changed following network property: "*JumboPacket" -RegistryValue 1514}
2023-08-01 13:45:59,639 DEBUG    Changed following network property: "*LsoV2IPv4" -RegistryValue 0}
2023-08-01 13:46:09,069 DEBUG    Changed following network property: "*LsoV2IPv6" -RegistryValue 0}
2023-08-01 13:46:22,810 DEBUG    Changed following network property: "*NumRssQueues" -RegistryValue 4}
2023-08-01 13:46:34,593 DEBUG    Changed following network property: "*ReceiveBuffers" -RegistryValue 512}
2023-08-01 13:46:57,975 DEBUG    Changed following network property: "*RSS" -RegistryValue 1}
2023-08-01 13:47:09,002 DEBUG    Changed following network property: " -RegistryKeyword "*TCPChecksumOffloadIPv4" -RegistryValue 3}
2023-08-01 13:47:21,651 DEBUG    Changed following network property: "*TCPChecksumOffloadIPv6" -RegistryValue 3}
2023-08-01 13:47:46,587 DEBUG    Changed following network property: " -RegistryKeyword "*TransmitBuffers" -RegistryValue 128}
2023-08-01 13:47:55,279 DEBUG    Changed following network property: " -RegistryKeyword "AdvancedEEE" -RegistryValue 0}
2023-08-01 13:48:03,700 DEBUG    Changed following network property: " -RegistryKeyword "EnableGreenEthernet" -RegistryValue 0}
2023-08-01 13:48:11,892 DEBUG    Changed following network property: " -RegistryKeyword "GigaLite" -RegistryValue 0}
2023-08-01 13:48:20,151 DEBUG    Changed following network property: " -RegistryKeyword "PowerSavingMode" -RegistryValue 0}
2023-08-01 13:48:23,197 DEBUG    Done
2023-08-01 13:48:23,229 DEBUG    Operating question 7, waiting for user input...
2023-08-01 13:48:23,229 DEBUG    Input gotten, answer is: 
2023-08-01 13:48:23,230 DEBUG    User input was , skipping...
2023-08-01 13:48:23,230 DEBUG    settings_minecraft function has been executed
2023-08-01 13:48:28,919 DEBUG    Input gotten, answer is: y
2023-08-01 13:48:28,920 DEBUG    Executing if-statement...
2023-08-01 13:48:34,088 DEBUG    Input gotten, answer is: 2
2023-08-01 13:48:34,113 DEBUG    appearance function has been executed...
2023-08-01 13:48:46,304 DEBUG    Input gotten, answer is: y
2023-08-01 13:48:46,304 DEBUG    Running reg_cmd...
2023-08-01 13:48:46,420 DEBUG    defrag function has been executed...
2023-08-01 13:48:48,217 DEBUG    Input gotten, answer is: 
2023-08-01 13:48:48,217 DEBUG    User input was , skipping...
2023-08-01 13:48:48,219 DEBUG    enable_gamemode function has been executed...
2023-08-01 13:49:00,669 DEBUG    Enabled Windows Game Mode!
2023-08-01 13:49:00,690 DEBUG    enable_agpu_scheduling function has been executed...
2023-08-01 13:49:02,625 DEBUG    Enabled hardware accelerated GPU scheduling!
2023-08-01 13:49:02,652 DEBUG    uninstall_onedrive function has been executed...
2023-08-01 13:49:33,912 DEBUG    Uninstalled OneDrive.
2023-08-01 13:49:34,168 DEBUG    disable_services function has been executed...
2023-08-01 13:49:51,136 DEBUG    Disabled following service: Windows Defender
2023-08-01 13:49:57,970 DEBUG    Disabled following service: Windows Mobile Hotspot Service
2023-08-01 13:50:04,574 DEBUG    Disabled following service: Print Spooler
2023-08-01 13:50:16,125 DEBUG    Disabled following service: Fax Service
2023-08-01 13:50:25,022 DEBUG    Disabled following service: Windows Security Center
2023-08-01 13:50:32,094 DEBUG    Disabled following service: Certificate Propagation Service
2023-08-01 13:50:38,778 DEBUG    Disabled following service: Windows Biometric Service
2023-08-01 13:50:44,630 DEBUG    Disabled following service: Broadcast DVR Server
2023-08-01 13:50:53,606 DEBUG    Disabled following service: Windows OneSyncSvc
2023-08-01 13:50:59,931 DEBUG    Disabled following service: Windows Update Service
2023-08-01 13:51:08,191 DEBUG    Disabled following service: Downloaded Maps Manager
2023-08-01 13:51:08,225 DEBUG    disable_xbox_gamebar function has been executed...
2023-08-01 13:51:14,295 DEBUG    User input was n, skipping...
2023-08-01 13:51:14,296 DEBUG    disable_autostart function has been executed...
2023-08-01 13:51:26,055 DEBUG    Warning 0x264: Fatal issue occurred while looping trough regedit keys, [WinError 259] Brak dalszych danych
2023-08-01 13:51:26,093 DEBUG    update_drivers function has been executed...
2023-08-01 13:51:32,593 DEBUG    User input was n, skipping...
2023-08-01 13:51:32,593 DEBUG    clean_junk function has been executed...
2023-08-01 13:51:35,335 DEBUG    Start cleaning files...
2023-08-01 13:51:35,341 DEBUG    Deleted: .opera
2023-08-01 13:51:35,346 DEBUG    Deleted: 0ebf0bcd-23b9-4a3a-b9a1-6b55e2269165.tmp
2023-08-01 13:51:35,347 DEBUG    Deleted: 17bdacaf-d620-49be-9d1c-ad6968be0376.tmp
2023-08-01 13:51:35,348 DEBUG    Deleted: 20b3d230-7bc2-4c33-b16e-26d48e383a6e.tmp
2023-08-01 13:51:35,349 DEBUG    Deleted: 24b94dec-fdb2-44df-80e6-46bbf825fe3e.tmp
2023-08-01 13:51:35,349 DEBUG    Deleted: 259fa277-5788-46b8-8d9c-432e9e210892.tmp
2023-08-01 13:51:35,350 DEBUG    Deleted: 2e20acb2-2e7d-4b46-b39f-3b3c36f21ee5.tmp
2023-08-01 13:51:35,351 DEBUG    Deleted: 438db7ee-a33a-4c52-b71d-1434e1003c9f.tmp
2023-08-01 13:51:35,351 DEBUG    Deleted: 4a8816dc-187b-4114-a333-a62e1dc5ed78.tmp
2023-08-01 13:51:35,352 DEBUG    Deleted: 4dc33c68-f555-4a3c-8231-ff1b7e256a2a.tmp
2023-08-01 13:51:35,353 DEBUG    Deleted: 5849fa0f-97b2-42b5-a38e-244fdebbd0f0.tmp
2023-08-01 13:51:35,354 DEBUG    Deleted: 5bdbef79-a7e8-4299-9f75-de8d8df2f72c.tmp
2023-08-01 13:51:35,355 DEBUG    Deleted: 62364588-adea-4580-8980-5949961ba5c0.tmp
2023-08-01 13:51:35,356 DEBUG    Deleted: 67a29dda-f8df-492b-af44-9579add8997d.tmp
2023-08-01 13:51:35,356 DEBUG    Deleted: 73a8d86c-0553-4535-b385-0aeca43fd4e1.tmp
2023-08-01 13:51:35,398 DEBUG    Deleted: 74C6AC23-B976-43A4-B0D6-5148E59F438F
2023-08-01 13:51:35,400 DEBUG    Deleted: 7d626e0b-6f02-4f55-a8e2-6ca865dffd93.tmp
2023-08-01 13:51:35,401 DEBUG    Deleted: 841bb744-adc6-44e0-9370-a6dacc91ea37.tmp
2023-08-01 13:51:35,402 DEBUG    Deleted: 8df2de2d-7a2b-4c83-9249-2e532d409c85.tmp
2023-08-01 13:51:35,402 DEBUG    Deleted: 91b000c1-9a4e-461a-8d69-dc0001f77243.tmp
2023-08-01 13:51:35,403 DEBUG    Deleted: a0ddf7d6-d4b9-45d1-862c-5ed01655b3d7.tmp
2023-08-01 13:51:35,404 DEBUG    Deleted: a1528f62-9835-49c6-93ac-ec08501ef2fd.tmp
2023-08-01 13:51:35,404 DEBUG    Deleted: a5515850-1571-4640-9830-83c11ad13b28.tmp
2023-08-01 13:51:35,405 DEBUG    Deleted: aria-debug-3588.log
2023-08-01 13:51:35,406 DEBUG    Deleted: b55cd8eb-e809-4bd3-b38f-05ad586f0e38.tmp
2023-08-01 13:51:35,407 DEBUG    Deleted: c1e6d36e-ee8b-4145-98b6-878ed176bd35.tmp
2023-08-01 13:51:35,407 DEBUG    Deleted: cbc9ab0d-8179-4f3f-8d44-885d57572a27.tmp
2023-08-01 13:51:35,408 DEBUG    Deleted: chocolatey
2023-08-01 13:51:35,415 DEBUG    Deleted: CUsershajkuAppDataLocalProgramsOpera GX100.0.4815.82opera_autoupdate.download.lock
2023-08-01 13:51:35,417 DEBUG    Deleted: da755a10-0f82-4e8d-bdc1-a46ce5d959a7.tmp
2023-08-01 13:51:35,440 DEBUG    Deleted: DC94ED74-5B37-4608-ABB7-1C22F6EFC58B
2023-08-01 13:51:35,441 DEBUG    Deleted: dns_backup.bat
2023-08-01 13:51:35,442 DEBUG    Deleted: dns_er.bat
2023-08-01 13:51:35,447 DEBUG    Deleted: E19D75F2-BC6A-49EF-AC2F-4445745D7DA1
2023-08-01 13:51:35,449 DEBUG    Deleted: edgeremoval.bat
2023-08-01 13:51:35,450 DEBUG    Deleted: enable-AGPU_scheduling.reg
2023-08-01 13:51:35,450 DEBUG    Deleted: f24da15c-5bf9-49cf-8327-aea9687109eb.tmp
2023-08-01 13:51:35,451 DEBUG    Deleted: F3615816-8C7B-47B5-BE5A-8844439D870A
2023-08-01 13:51:35,452 DEBUG    Deleted: fb08fd59-d798-45a1-860d-4c451fb420f8.tmp
2023-08-01 13:51:35,453 DEBUG    Deleted: fe020918-5adc-408c-bae5-8799ef3c1b6a.tmp
2023-08-01 13:51:35,454 DEBUG    Deleted: fe03e66c-36fb-4a3b-8e47-4bdb28435f18.tmp
2023-08-01 13:51:35,456 DEBUG    Deleted: gen_py
2023-08-01 13:51:35,457 DEBUG    Deleted: Kno1184.tmp
2023-08-01 13:51:35,458 DEBUG    Deleted: Low
2023-08-01 13:51:35,464 DEBUG    Deleted: msedge_installer.log
2023-08-01 13:51:35,467 DEBUG    Deleted: nvddl.exe
2023-08-01 13:51:35,486 DEBUG    Deleted: onefile_1508_133353636244618500
2023-08-01 13:51:35,487 DEBUG    Deleted: oto-tcp-default.bat
2023-08-01 13:51:35,488 DEBUG    Deleted: oto_tcp.bat
2023-08-01 13:51:35,489 DEBUG    Deleted: Turn_on_Game_Mode.reg
2023-08-01 13:51:35,490 DEBUG    Deleted: wct9B67.tmp
2023-08-01 13:51:35,491 DEBUG    Deleted: Winutil.log
2023-08-01 13:51:35,494 DEBUG    Deleted: WPF
2023-08-01 13:51:35,500 DEBUG    Deleted: MpCmdRun.log
2023-08-01 13:51:35,503 DEBUG    Deleted: msedge_installer.log
2023-08-01 13:51:35,506 DEBUG    Deleted: .config.lnk
2023-08-01 13:51:35,507 DEBUG    Deleted: .txt.lnk
2023-08-01 13:51:35,508 DEBUG    Deleted: 1.PowerShell.lnk
2023-08-01 13:51:35,510 DEBUG    Deleted: 4.tweaks_tweaksy.lnk
2023-08-01 13:51:35,520 DEBUG    Deleted: 5.tylko minecraft_OnlyMinecraft.lnk
2023-08-01 13:51:35,524 DEBUG    Deleted: 6.Co ma dzia³aæ w tle.lnk
2023-08-01 13:51:35,539 DEBUG    Deleted: 7.More Storage_Wiêcej miejsca.lnk
2023-08-01 13:51:35,557 DEBUG    Deleted: AutomaticDestinations
2023-08-01 13:51:35,587 DEBUG    Deleted: Chris ToolBox.json.lnk
2023-08-01 13:51:35,608 DEBUG    Deleted: Client.txt.lnk
2023-08-01 13:51:35,640 DEBUG    Deleted: Crediits.txt.lnk
2023-08-01 13:51:35,643 DEBUG    Deleted: Custom OS.txt.lnk
2023-08-01 13:51:35,671 DEBUG    Deleted: CustomDestinations
2023-08-01 13:51:35,673 DEBUG    Deleted: desktop.ini
2023-08-01 13:51:35,690 DEBUG    Deleted: dir + input.txt.lnk
2023-08-01 13:51:35,701 DEBUG    Deleted: discord.png.lnk
2023-08-01 13:51:35,704 DEBUG    Deleted: Dysk lokalny (D).lnk
2023-08-01 13:51:35,713 DEBUG    Deleted: ET-Optimizer-5.3.lnk
2023-08-01 13:51:35,720 DEBUG    Deleted: ET-Optimizer-5.3.zip.lnk
2023-08-01 13:51:35,722 DEBUG    Deleted: ET-Optimizer.lnk
2023-08-01 13:51:35,725 DEBUG    Deleted: ET-Optimizer.ps1.lnk
2023-08-01 13:51:35,730 DEBUG    Deleted: feed.lnk
2023-08-01 13:51:35,732 DEBUG    Deleted: gaming (2).lnk
2023-08-01 13:51:35,733 DEBUG    Deleted: gaming (3).lnk
2023-08-01 13:51:35,734 DEBUG    Deleted: gaming (4).lnk
2023-08-01 13:51:35,735 DEBUG    Deleted: gaming.lnk
2023-08-01 13:51:35,735 DEBUG    Deleted: GUI.ps1.lnk
2023-08-01 13:51:35,736 DEBUG    Deleted: hajku.lnk
2023-08-01 13:51:35,738 DEBUG    Deleted: How to Compile.txt.lnk
2023-08-01 13:51:35,758 DEBUG    Deleted: Internet.lnk
2023-08-01 13:51:35,781 DEBUG    Deleted: library.lnk
2023-08-01 13:51:35,790 DEBUG    Deleted: main.ps1.lnk
2023-08-01 13:51:35,808 DEBUG    Deleted: ms-gamingoverlay--startuptips-TitleId=1791712750&ProcessId=2496&WindowId=263448.lnk
2023-08-01 13:51:35,823 DEBUG    Deleted: ms-gamingoverlay--startuptips-TitleId=1791712750&ProcessId=2496&WindowId=328184.lnk
2023-08-01 13:51:35,825 DEBUG    Deleted: ms-gamingoverlay--startuptips-TitleId=1791712750&ProcessId=2496&WindowId=591128.lnk
2023-08-01 13:51:35,832 DEBUG    Deleted: ms-gamingoverlay--startuptips-TitleId=1791712750&ProcessId=2496&WindowId=656664.lnk
2023-08-01 13:51:35,840 DEBUG    Deleted: ms-gamingoverlay--startuptips-TitleId=1791712750&ProcessId=2496&WindowId=787582.lnk
2023-08-01 13:51:35,850 DEBUG    Deleted: ms-gamingoverlay--startuptips-TitleId=1791712750&ProcessId=7964&WindowId=1180708.lnk
2023-08-01 13:51:35,858 DEBUG    Deleted: ms-gamingoverlay--startuptips-TitleId=1791712750&ProcessId=7964&WindowId=394520.lnk
2023-08-01 13:51:35,865 DEBUG    Deleted: ms-gamingoverlay--startuptips-TitleId=1791712750&ProcessId=8300&WindowId=460036.lnk
2023-08-01 13:51:35,874 DEBUG    Deleted: ms-gamingoverlay--startuptips-TitleId=1791712750&ProcessId=8300&WindowId=591108.lnk
2023-08-01 13:51:35,876 DEBUG    Deleted: ms-settingswindowsupdate.lnk
2023-08-01 13:51:35,888 DEBUG    Deleted: must have.png.lnk
2023-08-01 13:51:35,900 DEBUG    Deleted: Naprawy ¿eby skrypty powershell dzia³a³y.ps1.lnk
2023-08-01 13:51:35,902 DEBUG    Deleted: Naprawy ¿eby skrypty powershell dzia³a³y.txt.lnk
2023-08-01 13:51:35,903 DEBUG    Deleted: Nowy dokument sformatowany.rtf.lnk
2023-08-01 13:51:35,904 DEBUG    Deleted: Nowy dokument tekstowy (2).txt.lnk
2023-08-01 13:51:35,905 DEBUG    Deleted: Nowy dokument tekstowy.txt.lnk
2023-08-01 13:51:35,906 DEBUG    Deleted: Nowy folder skompresowany (zip) (2).zip.lnk
2023-08-01 13:51:35,908 DEBUG    Deleted: Nowy folder skompresowany (zip).zip.lnk
2023-08-01 13:51:35,909 DEBUG    Deleted: Nowy folder.lnk
2023-08-01 13:51:35,909 DEBUG    Deleted: Opcjonalne.lnk
2023-08-01 13:51:35,914 DEBUG    Deleted: Opera GX.lnk
2023-08-01 13:51:35,918 DEBUG    Deleted: OperaGXSetup.zip.lnk
2023-08-01 13:51:35,919 DEBUG    Deleted: optimizer-15.6.zip.lnk
2023-08-01 13:51:35,920 DEBUG    Deleted: Optimizer.lnk
2023-08-01 13:51:35,921 DEBUG    Deleted: Po Zrobieniu wszytkiego.txt.lnk
2023-08-01 13:51:35,922 DEBUG    Deleted: Pobrane (2).lnk
2023-08-01 13:51:35,923 DEBUG    Deleted: Pobrane.lnk
2023-08-01 13:51:35,924 DEBUG    Deleted: Powershell.lnk
2023-08-01 13:51:35,925 DEBUG    Deleted: Programy i funkcje.lnk
2023-08-01 13:51:35,926 DEBUG    Deleted: Przeczytaj Wa¿ne!!!.txt.lnk
2023-08-01 13:51:35,935 DEBUG    Deleted: Pulpit.lnk
2023-08-01 13:51:35,936 DEBUG    Deleted: QuickBoost-2.9.4.lnk
2023-08-01 13:51:35,939 DEBUG    Deleted: QuickBoost-2.9.4.zip.lnk
2023-08-01 13:51:35,941 DEBUG    Deleted: QuickBoost.lnk
2023-08-01 13:51:35,942 DEBUG    Deleted: redist.lnk
2023-08-01 13:51:35,943 DEBUG    Deleted: RegCon.zip.lnk
2023-08-01 13:51:35,950 DEBUG    Deleted: RunAll 4.txt.lnk
2023-08-01 13:51:35,951 DEBUG    Deleted: s.txt.lnk
2023-08-01 13:51:35,952 DEBUG    Deleted: Scripts.lnk
2023-08-01 13:51:35,953 DEBUG    Deleted: spotify.txt.lnk
2023-08-01 13:51:35,954 DEBUG    Deleted: test.txt.lnk
2023-08-01 13:51:35,955 DEBUG    Deleted: Ukryte.lnk
2023-08-01 13:51:35,956 DEBUG    Deleted: Unblock.ps1.lnk
2023-08-01 13:51:35,957 DEBUG    Deleted: Unintall IE 9,10,11.txt.lnk
2023-08-01 13:51:35,958 DEBUG    Deleted: U¿ytkownicy.lnk
2023-08-01 13:51:35,958 DEBUG    Deleted: v2.lnk
2023-08-01 13:51:35,959 DEBUG    Deleted: version.txt.lnk
2023-08-01 13:51:35,960 DEBUG    Deleted: WinCore.psm1.lnk
2023-08-01 13:51:35,968 DEBUG    Deleted: windowsdefender--threat-.lnk
2023-08-01 13:51:35,969 DEBUG    Deleted: WindowsToolbox-1.0.4.lnk
2023-08-01 13:51:35,970 DEBUG    Deleted: WindowsToolbox-1.0.4.zip.lnk
2023-08-01 13:51:35,971 DEBUG    Deleted: WINXPBEV8_2 (F).lnk
2023-08-01 13:51:35,972 DEBUG    Deleted: Wszystko.txt.lnk
2023-08-01 13:51:35,983 DEBUG    Deleted: ZanimWszystkoOdpalisz!!!.ps1.lnk
2023-08-01 13:51:36,006 DEBUG    open_overclock function has been executed...
2023-08-01 13:51:42,734 DEBUG    User input was n, skipping...
2023-08-01 13:51:42,766 DEBUG    Done optimizing pc, asking for reboot...
2023-08-01 13:52:01,833 INFO     
--------------------------------------------------------------------------------------------------------------------------------------------

2023-08-01 13:52:01,834 INFO     STOP, READ CAREFULLY!
2023-08-01 13:52:01,834 INFO     Auto-generated file by "OT-Optimizer", DO NOT EDIT
2023-08-01 13:52:01,834 INFO     This file is for developers only, please do not change, modify or delete this file!
2023-08-01 13:52:01,834 INFO     Send this file when prompted.
2023-08-01 13:52:01,835 INFO     More information can be found by joining our discord server: www.discord.gg/Vsm9dMA6TB
2023-08-01 13:52:01,835 DEBUG    Program with version 2.6 has been started.
2023-08-01 13:52:02,032 DEBUG    Defining functions...
2023-08-01 13:52:02,035 DEBUG    Operating system is nt.
2023-08-01 13:52:02,064 DEBUG    Operating system is 10, supported.
2023-08-01 13:52:02,120 INFO     isUserAdmin - CheckTokenMembership returned: True
2023-08-01 13:52:02,121 INFO     UAC access: TRUE
2023-08-01 13:52:02,122 DEBUG    Joining OTO path...
2023-08-01 13:52:02,123 DEBUG    Doing disclaimer stuff...
2023-08-01 13:52:02,123 DEBUG    Accepted file exists, getting value...
2023-08-01 13:52:02,124 DEBUG    File value: True
2023-08-01 13:52:02,124 DEBUG    Disclaimer stuff done.
2023-08-01 13:52:02,125 DEBUG    Doing data sharing agreement stuff...
2023-08-01 13:52:02,125 DEBUG    Agreement file exists, getting value...
2023-08-01 13:52:02,126 DEBUG    File value: False
2023-08-01 13:52:02,126 DEBUG    Agreement stuff done.
2023-08-01 13:52:02,162 DEBUG    Checking for updates...
2023-08-01 13:52:02,163 DEBUG    Thread started.
2023-08-01 13:52:03,164 DEBUG    Getting response...
2023-08-01 13:52:03,180 DEBUG    Starting new HTTPS connection (1): raw.githubusercontent.com:443
2023-08-01 13:52:03,522 DEBUG    https://raw.githubusercontent.com:443 "GET /temal32/oto/main/version.txt HTTP/1.1" 200 24
2023-08-01 13:52:03,528 DEBUG    Got response!
2023-08-01 13:52:03,528 DEBUG    float data = 2.6 : float version = 2.6
2023-08-01 13:52:03,529 DEBUG    Already using newest version!
2023-08-01 13:52:06,567 DEBUG    Getting download...
2023-08-01 13:52:06,572 DEBUG    Downloading https://cdn.discordapp.com/attachments/985667930962403360/988883043206975558/dns_er.bat...
2023-08-01 13:52:06,575 DEBUG    Starting new HTTPS connection (1): cdn.discordapp.com:443
2023-08-01 13:52:06,882 DEBUG    https://cdn.discordapp.com:443 "GET /attachments/985667930962403360/988883043206975558/dns_er.bat HTTP/1.1" 200 314
2023-08-01 13:52:06,889 DEBUG    Downloaded https://cdn.discordapp.com/attachments/985667930962403360/988883043206975558/dns_er.bat to C:\Users\hajku\AppData\Local\Temp
2023-08-01 13:52:06,890 DEBUG    Downloading https://cdn.discordapp.com/attachments/985667930962403360/1002627444676763668/oto_tcp.bat...
2023-08-01 13:52:06,894 DEBUG    Starting new HTTPS connection (1): cdn.discordapp.com:443
2023-08-01 13:52:07,115 DEBUG    https://cdn.discordapp.com:443 "GET /attachments/985667930962403360/1002627444676763668/oto_tcp.bat HTTP/1.1" 200 4333
2023-08-01 13:52:07,123 DEBUG    Downloaded https://cdn.discordapp.com/attachments/985667930962403360/1002627444676763668/oto_tcp.bat to C:\Users\hajku\AppData\Local\Temp
2023-08-01 13:52:07,124 DEBUG    Downloading https://cdn.discordapp.com/attachments/985667930962403360/997937119165161634/Turn_on_Game_Mode.reg...
2023-08-01 13:52:07,127 DEBUG    Starting new HTTPS connection (1): cdn.discordapp.com:443
2023-08-01 13:52:07,452 DEBUG    https://cdn.discordapp.com:443 "GET /attachments/985667930962403360/997937119165161634/Turn_on_Game_Mode.reg HTTP/1.1" 200 712
2023-08-01 13:52:07,461 DEBUG    Downloaded https://cdn.discordapp.com/attachments/985667930962403360/997937119165161634/Turn_on_Game_Mode.reg to C:\Users\hajku\AppData\Local\Temp
2023-08-01 13:52:07,462 DEBUG    Downloading https://cdn.discordapp.com/attachments/985667930962403360/1000010946850324541/enable-AGPU_scheduling.reg...
2023-08-01 13:52:07,467 DEBUG    Starting new HTTPS connection (1): cdn.discordapp.com:443
2023-08-01 13:52:07,608 DEBUG    https://cdn.discordapp.com:443 "GET /attachments/985667930962403360/1000010946850324541/enable-AGPU_scheduling.reg HTTP/1.1" 200 632
2023-08-01 13:52:07,615 DEBUG    Downloaded https://cdn.discordapp.com/attachments/985667930962403360/1000010946850324541/enable-AGPU_scheduling.reg to C:\Users\hajku\AppData\Local\Temp
2023-08-01 13:52:07,617 DEBUG    Downloading https://github.com/Aetopia/NVIDIA-Driver-Downloader/releases/download/v1.3.4.3/nvddl.exe...
2023-08-01 13:52:07,621 DEBUG    Starting new HTTPS connection (1): github.com:443
2023-08-01 13:52:07,918 DEBUG    https://github.com:443 "GET /Aetopia/NVIDIA-Driver-Downloader/releases/download/v1.3.4.3/nvddl.exe HTTP/1.1" 302 0
2023-08-01 13:52:07,922 DEBUG    Starting new HTTPS connection (1): objects.githubusercontent.com:443
2023-08-01 13:52:08,304 DEBUG    https://objects.githubusercontent.com:443 "GET /github-production-release-asset-2e65be/468707593/4fd43778-58fd-4d32-8268-b08e06250d05?X-Amz-Algorithm=AWS4-HMAC-SHA256&X-Amz-Credential=AKIAIWNJYAX4CSVEH53A%2F20230801%2Fus-east-1%2Fs3%2Faws4_request&X-Amz-Date=20230801T115208Z&X-Amz-Expires=300&X-Amz-Signature=42a3f34319fb3087e7ed246be52d0ae5b4be89334571f1ae69afcfb2e06f4b26&X-Amz-SignedHeaders=host&actor_id=0&key_id=0&repo_id=468707593&response-content-disposition=attachment%3B%20filename%3Dnvddl.exe&response-content-type=application%2Foctet-stream HTTP/1.1" 200 10318552
2023-08-01 13:52:10,334 DEBUG    Downloaded https://github.com/Aetopia/NVIDIA-Driver-Downloader/releases/download/v1.3.4.3/nvddl.exe to C:\Users\hajku\AppData\Local\Temp
2023-08-01 13:52:10,335 DEBUG    Downloading https://cdn.discordapp.com/attachments/985667930962403360/1001107894185513010/dns_backup.bat...
2023-08-01 13:52:10,345 DEBUG    Starting new HTTPS connection (1): cdn.discordapp.com:443
2023-08-01 13:52:10,512 DEBUG    https://cdn.discordapp.com:443 "GET /attachments/985667930962403360/1001107894185513010/dns_backup.bat HTTP/1.1" 200 1238
2023-08-01 13:52:10,519 DEBUG    Downloaded https://cdn.discordapp.com/attachments/985667930962403360/1001107894185513010/dns_backup.bat to C:\Users\hajku\AppData\Local\Temp
2023-08-01 13:52:10,520 DEBUG    Downloading https://cdn.discordapp.com/attachments/985667930962403360/1003434468301869056/oto-tcp-default.bat...
2023-08-01 13:52:10,526 DEBUG    Starting new HTTPS connection (1): cdn.discordapp.com:443
2023-08-01 13:52:10,682 DEBUG    https://cdn.discordapp.com:443 "GET /attachments/985667930962403360/1003434468301869056/oto-tcp-default.bat HTTP/1.1" 200 3972
2023-08-01 13:52:10,690 DEBUG    Downloaded https://cdn.discordapp.com/attachments/985667930962403360/1003434468301869056/oto-tcp-default.bat to C:\Users\hajku\AppData\Local\Temp
2023-08-01 13:52:13,761 DEBUG    Defining speedtest function in speedtest class in a variable.
2023-08-01 13:52:13,907 DEBUG    Getting servers...
2023-08-01 13:52:13,909 DEBUG    Getting best server...
2023-08-01 13:52:15,097 DEBUG    Executing show_menu function...
2023-08-01 13:52:15,098 DEBUG    Asking for action...
2023-08-01 13:52:21,191 DEBUG    Got: 2\
2023-08-01 13:52:22,730 DEBUG    Executing show_menu function...
2023-08-01 13:52:22,731 DEBUG    Asking for action...
2023-08-01 13:52:23,986 DEBUG    Got: 2
2023-08-01 13:52:23,987 DEBUG    old_ping.txt file exists, trying to compare old ping with new ping...
2023-08-01 13:52:58,538 DEBUG    Executing show_menu function...
2023-08-01 13:52:58,540 DEBUG    Asking for action...
2023-08-01 13:53:00,838 DEBUG    Got: 1
2023-08-01 13:53:00,838 DEBUG    Backup folder already exists, skipping prompt.
2023-08-01 13:53:00,838 DEBUG    Executing get_ping function...
2023-08-01 13:53:00,839 DEBUG    Found best server: speedtest.kal.pl:8080 located in Poland
2023-08-01 13:53:00,839 DEBUG    Writing server host to textfile...
2023-08-01 13:53:00,840 DEBUG    Done with getting network info. Terminate function.
2023-08-01 13:54:00,856 DEBUG    Executing show_menu function (2)...
2023-08-01 13:54:00,911 DEBUG    Operating question 1, waiting for user input...
2023-08-01 13:54:28,665 DEBUG    Input gotten, answer is: 														n
2023-08-01 13:54:28,667 DEBUG    User input was 														n, skipping...
2023-08-01 13:54:28,667 DEBUG    Operating question 2, waiting for user input...
2023-08-01 13:54:32,877 DEBUG    Input gotten, answer is: n
2023-08-01 13:54:32,877 DEBUG    User input was n, skipping...
2023-08-01 13:54:32,877 DEBUG    Operating question 3, waiting for user input...
2023-08-01 13:54:34,637 DEBUG    Input gotten, answer is: 
2023-08-01 13:54:34,637 DEBUG    User input was , skipping...
2023-08-01 13:54:34,638 DEBUG    Operating question 4, waiting for user input...
2023-08-01 13:54:35,417 DEBUG    Input gotten, answer is: 
2023-08-01 13:54:35,417 DEBUG    User input was , skipping...
2023-08-01 13:54:35,417 DEBUG    Operating question 5, waiting for user input...
2023-08-01 13:54:41,164 DEBUG    Input gotten, answer is: 
2023-08-01 13:54:41,167 DEBUG    User input was , skipping...
2023-08-01 13:54:41,167 DEBUG    Operating question 6, waiting for user input...
2023-08-01 13:54:45,057 DEBUG    Input gotten, answer is: y
2023-08-01 13:54:45,945 DEBUG    WMI RETURNS ETHERNET!!!
2023-08-01 13:54:54,652 DEBUG    User input: Wi-Fi : JMicron PCI Express Gigabit Ethernet Adapter
2023-08-01 13:55:08,602 DEBUG    Changed following network property: "*InterruptModeration" -RegistryValue 0}
2023-08-01 13:55:18,922 DEBUG    Changed following network property: "*IPChecksumOffloadIPv4" -RegistryValue 3}
2023-08-01 13:55:53,880 DEBUG    Changed following network property: "*JumboPacket" -RegistryValue 1514}
2023-08-01 13:56:06,975 DEBUG    Changed following network property: "*LsoV2IPv4" -RegistryValue 0}
2023-08-01 13:56:18,219 DEBUG    Changed following network property: "*LsoV2IPv6" -RegistryValue 0}
2023-08-01 13:56:53,901 DEBUG    Changed following network property: "*NumRssQueues" -RegistryValue 4}
2023-08-01 13:57:06,050 DEBUG    Changed following network property: "*ReceiveBuffers" -RegistryValue 512}
2023-08-01 13:57:30,815 DEBUG    Changed following network property: "*RSS" -RegistryValue 1}
2023-08-01 13:57:40,959 DEBUG    Changed following network property: " -RegistryKeyword "*TCPChecksumOffloadIPv4" -RegistryValue 3}
2023-08-01 13:58:09,179 DEBUG    Changed following network property: "*TCPChecksumOffloadIPv6" -RegistryValue 3}
2023-08-01 13:58:21,672 DEBUG    Changed following network property: " -RegistryKeyword "*TransmitBuffers" -RegistryValue 128}
2023-08-01 13:58:30,442 DEBUG    Changed following network property: " -RegistryKeyword "AdvancedEEE" -RegistryValue 0}
2023-08-01 13:58:55,112 DEBUG    Changed following network property: " -RegistryKeyword "EnableGreenEthernet" -RegistryValue 0}
2023-08-01 13:59:10,165 DEBUG    Changed following network property: " -RegistryKeyword "GigaLite" -RegistryValue 0}
2023-08-01 13:59:19,102 DEBUG    Changed following network property: " -RegistryKeyword "PowerSavingMode" -RegistryValue 0}
2023-08-01 13:59:22,180 DEBUG    Done
2023-08-01 13:59:22,236 DEBUG    Operating question 7, waiting for user input...
2023-08-01 13:59:26,423 DEBUG    Input gotten, answer is: n
2023-08-01 13:59:26,423 DEBUG    User input was n, skipping...
2023-08-01 13:59:26,425 DEBUG    settings_minecraft function has been executed
2023-08-01 13:59:29,565 DEBUG    Input gotten, answer is: n
2023-08-01 13:59:29,565 DEBUG    User input was n, skipping...
2023-08-01 13:59:29,566 DEBUG    appearance function has been executed...
2023-08-01 13:59:32,365 DEBUG    Input gotten, answer is: y
2023-08-01 13:59:32,365 DEBUG    Running reg_cmd...
2023-08-01 13:59:32,493 DEBUG    defrag function has been executed...
2023-08-01 13:59:34,226 DEBUG    Input gotten, answer is: y
2023-08-01 13:59:34,227 DEBUG    Defraging drives...
2023-08-01 14:01:25,312 DEBUG    Defrag progress cancelled due to keyboard interrupt. (143)
